<?xml version="1.0" encoding="utf-8"?><testsuites><testsuite name="pytest" errors="0" failures="1" skipped="0" tests="11" time="64.317" timestamp="2023-05-14T07:30:27.252066" hostname="DESKTOP-EPJBQ14"><testcase classname="tests.test_fake_page" name="test_1" time="0.001" /><testcase classname="tests.test_fake_page" name="test_2" time="0.001" /><testcase classname="tests.test_fake_page" name="test_3" time="0.001" /><testcase classname="tests.test_fake_page" name="test_flaky" time="0.001"><failure message="assert 1 == 3&#10; +  where 3 = &lt;bound method Random.choice of &lt;random.Random object at 0x000001B302EB8D70&gt;&gt;([1, 2, 3])&#10; +    where &lt;bound method Random.choice of &lt;random.Random object at 0x000001B302EB8D70&gt;&gt; = random.choice">@pytest.mark.smoke
    def test_flaky():
&gt;       assert 1 == random.choice(numbers)
E       assert 1 == 3
E        +  where 3 = &lt;bound method Random.choice of &lt;random.Random object at 0x000001B302EB8D70&gt;&gt;([1, 2, 3])
E        +    where &lt;bound method Random.choice of &lt;random.Random object at 0x000001B302EB8D70&gt;&gt; = random.choice

tests\test_fake_page.py:19: AssertionError</failure></testcase><testcase classname="tests.test_index_page" name="test_successful_login" time="5.019" /><testcase classname="tests.test_index_page" name="test_unsuccessful_login[-secret_sauce-Epic sadface: Username is required]" time="4.864" /><testcase classname="tests.test_index_page" name="test_unsuccessful_login[zhenya-secret_sauce-Epic sadface: Username and password do not match any user in this service]" time="4.875" /><testcase classname="tests.test_index_page" name="test_unsuccessful_login[standard_user-qwerty-Epic sadface: Username and password do not match any user in this service]" time="4.948" /><testcase classname="tests.test_index_page" name="test_unsuccessful_login[locked_out_user-secret_sauce-Epic sadface: Sorry, this user has been locked out.]" time="4.829" /><testcase classname="tests.test_index_page" name="test_logout_login" time="5.562" /><testcase classname="tests.test_index_page" name="test_checkout_overview" time="5.528" /></testsuite></testsuites>