{"name": "test_flaky", "status": "failed", "statusDetails": {"message": "AssertionError: assert 1 == 2\n +  where 2 = <bound method Random.choice of <random.Random object at 0x000001F73CCF7B00>>([1, 2, 3])\n +    where <bound method Random.choice of <random.Random object at 0x000001F73CCF7B00>> = random.choice", "trace": "@pytest.mark.smoke\n    def test_flaky():\n>       assert 1 == random.choice(numbers)\nE       assert 1 == 2\nE        +  where 2 = <bound method Random.choice of <random.Random object at 0x000001F73CCF7B00>>([1, 2, 3])\nE        +    where <bound method Random.choice of <random.Random object at 0x000001F73CCF7B00>> = random.choice\n\ntests\\test_fake_page.py:19: AssertionError"}, "start": 1682439346550, "stop": 1682439346550, "uuid": "c8ed5881-13d6-4f3d-b8d5-c008d8d5bc9d", "historyId": "6cf5c28f8d54e02760ab196e1cb35576", "testCaseId": "b78bdb8c948793407695b10ff4e22a34", "fullName": "tests.test_fake_page#test_flaky", "labels": [{"name": "tag", "value": "smoke"}, {"name": "parentSuite", "value": "tests"}, {"name": "suite", "value": "test_fake_page"}, {"name": "host", "value": "DESKTOP-EPJBQ14"}, {"name": "thread", "value": "15864-MainThread"}, {"name": "framework", "value": "pytest"}, {"name": "language", "value": "cpython3"}, {"name": "package", "value": "tests.test_fake_page"}]}