{"name": "test_flaky", "status": "failed", "statusDetails": {"message": "AssertionError: assert 1 == 2\n +  where 2 = <bound method Random.choice of <random.Random object at 0x00000240034C4FD0>>([1, 2, 3])\n +    where <bound method Random.choice of <random.Random object at 0x00000240034C4FD0>> = random.choice", "trace": "@pytest.mark.smoke\n    def test_flaky():\n>       assert 1 == random.choice(numbers)\nE       assert 1 == 2\nE        +  where 2 = <bound method Random.choice of <random.Random object at 0x00000240034C4FD0>>([1, 2, 3])\nE        +    where <bound method Random.choice of <random.Random object at 0x00000240034C4FD0>> = random.choice\n\ntests\\test_fake_page.py:19: AssertionError"}, "start": 1683695634812, "stop": 1683695634812, "uuid": "0fecacc6-05c3-42af-9e5f-d817c5ca5ce0", "historyId": "6cf5c28f8d54e02760ab196e1cb35576", "testCaseId": "b78bdb8c948793407695b10ff4e22a34", "fullName": "tests.test_fake_page#test_flaky", "labels": [{"name": "tag", "value": "smoke"}, {"name": "parentSuite", "value": "tests"}, {"name": "suite", "value": "test_fake_page"}, {"name": "host", "value": "DESKTOP-EPJBQ14"}, {"name": "thread", "value": "2248-MainThread"}, {"name": "framework", "value": "pytest"}, {"name": "language", "value": "cpython3"}, {"name": "package", "value": "tests.test_fake_page"}]}